C51 COMPILER V9.60.0.0   18B20                                                             05/01/2021 15:20:31 PAGE 1   


C51 COMPILER V9.60.0.0, COMPILATION OF MODULE 18B20
OBJECT MODULE PLACED IN 18b20.OBJ
COMPILER INVOKED BY: C:\Keil_v5\C51\BIN\C51.EXE 18b20.c OPTIMIZE(8,SPEED) BROWSE DEBUG OBJECTEXTEND TABS(2)

line level    source

   1          /*-----------------------------------------------
   2            名称：18B20温度传感器
   3            日期：2018.8
   4            修改：无
   5            内容：18B20单线温度检测的应用样例程序
   6          ------------------------------------------------*/
   7          #include"delay.h"
   8          #include"18b20.h"
   9          
  10          /*------------------------------------------------
  11                              18b20初始化
  12          ------------------------------------------------*/
  13          bit Init_DS18B20(void)
  14          {
  15   1       bit dat=0;
  16   1       DQ = 1;    //DQ复位
  17   1       DelayUs2x(5);   //稍做延时
  18   1       DQ = 0;         //单片机将DQ拉低
  19   1       DelayUs2x(200); //精确延时 大于 480us 小于960us
  20   1       DelayUs2x(200);
  21   1       DQ = 1;        //拉高总线
  22   1       DelayUs2x(50); //15~60us 后 接收60-240us的存在脉冲
  23   1       dat=DQ;        //如果x=0则初始化成功, x=1则初始化失败
  24   1       DelayUs2x(25); //稍作延时返回
  25   1       return dat;
  26   1      }
  27          
  28          /*------------------------------------------------
  29                              读取一个字节
  30          ------------------------------------------------*/
  31          unsigned char ReadOneChar(void)
  32          {
  33   1      unsigned char i=0;
  34   1      unsigned char dat = 0;
  35   1      for (i=8;i>0;i--)
  36   1       {
  37   2        DQ = 0; // 给脉冲信号
  38   2        dat>>=1;
  39   2        DQ = 1; // 给脉冲信号
  40   2        if(DQ)
  41   2         dat|=0x80;
  42   2        DelayUs2x(25);
  43   2       }
  44   1       return(dat);
  45   1      }
  46          /*------------------------------------------------
  47                              写入一个字节
  48          ------------------------------------------------*/
  49          void WriteOneChar(unsigned char dat)
  50          {
  51   1       unsigned char i=0;
  52   1       for (i=8; i>0; i--)
  53   1       {
  54   2        DQ = 0;
  55   2        DQ = dat&0x01;
C51 COMPILER V9.60.0.0   18B20                                                             05/01/2021 15:20:31 PAGE 2   

  56   2        DelayUs2x(25);
  57   2        DQ = 1;
  58   2        dat>>=1;
  59   2       }
  60   1      DelayUs2x(25);
  61   1      }
  62          
  63          /*------------------------------------------------
  64                              读取温度
  65          ------------------------------------------------*/
  66          unsigned int ReadTemperature(void)
  67          {
  68   1      unsigned char a=0;
  69   1      unsigned int b=0;
  70   1      unsigned int t=0;
  71   1      Init_DS18B20();
  72   1      WriteOneChar(0xCC); // 跳过读序号列号的操作
  73   1      WriteOneChar(0x44); // 启动温度转换
  74   1      DelayMs(10);
  75   1      Init_DS18B20();
  76   1      WriteOneChar(0xCC); //跳过读序号列号的操作 
  77   1      WriteOneChar(0xBE); //读取温度寄存器等（共可读9个寄存器） 前两个就是温度
  78   1      a=ReadOneChar();   //低位
  79   1      b=ReadOneChar();   //高位
  80   1      
  81   1      b<<=8;
  82   1      t=a+b;
  83   1      
  84   1      return(t);
  85   1      }


MODULE INFORMATION:   STATIC OVERLAYABLE
   CODE SIZE        =    194    ----
   CONSTANT SIZE    =   ----    ----
   XDATA SIZE       =   ----    ----
   PDATA SIZE       =   ----    ----
   DATA SIZE        =   ----       5
   IDATA SIZE       =   ----    ----
   BIT SIZE         =   ----       1
END OF MODULE INFORMATION.


C51 COMPILATION COMPLETE.  0 WARNING(S),  0 ERROR(S)
